start pos:Position [x=0, y=0, facingNS=0, facingEW=1]
after N-1 is pos:Position [x=0, y=-1, facingNS=0, facingEW=1]
after R-90 is pos:Position [x=0, y=-1, facingNS=1, facingEW=0]
after S-5 is pos:Position [x=0, y=4, facingNS=1, facingEW=0]
after R-180 is pos:Position [x=0, y=4, facingNS=-1, facingEW=0]
after N-3 is pos:Position [x=0, y=1, facingNS=-1, facingEW=0]
after W-1 is pos:Position [x=-1, y=1, facingNS=-1, facingEW=0]
after L-180 is pos:Position [x=-1, y=1, facingNS=1, facingEW=0]
after F-92 is pos:Position [x=-1, y=93, facingNS=1, facingEW=0]
after R-270 is pos:Position [x=-1, y=93, facingNS=0, facingEW=1]
after E-4 is pos:Position [x=3, y=93, facingNS=0, facingEW=1]
after F-4 is pos:Position [x=7, y=93, facingNS=0, facingEW=1]
after W-4 is pos:Position [x=3, y=93, facingNS=0, facingEW=1]
after W-4 is pos:Position [x=-1, y=93, facingNS=0, facingEW=1]
after L-180 is pos:Position [x=-1, y=93, facingNS=0, facingEW=-1]
after S-2 is pos:Position [x=-1, y=95, facingNS=0, facingEW=-1]
after W-2 is pos:Position [x=-3, y=95, facingNS=0, facingEW=-1]
after F-90 is pos:Position [x=-93, y=95, facingNS=0, facingEW=-1]
after E-1 is pos:Position [x=-92, y=95, facingNS=0, facingEW=-1]
after S-5 is pos:Position [x=-92, y=100, facingNS=0, facingEW=-1]
after W-3 is pos:Position [x=-95, y=100, facingNS=0, facingEW=-1]
after F-78 is pos:Position [x=-173, y=100, facingNS=0, facingEW=-1]
after S-5 is pos:Position [x=-173, y=105, facingNS=0, facingEW=-1]
after R-180 is pos:Position [x=-173, y=105, facingNS=0, facingEW=1]
after F-100 is pos:Position [x=-73, y=105, facingNS=0, facingEW=1]
after N-1 is pos:Position [x=-73, y=104, facingNS=0, facingEW=1]
after W-3 is pos:Position [x=-76, y=104, facingNS=0, facingEW=1]
after L-90 is pos:Position [x=-76, y=104, facingNS=-1, facingEW=0]
after L-90 is pos:Position [x=-76, y=104, facingNS=0, facingEW=-1]
after N-1 is pos:Position [x=-76, y=103, facingNS=0, facingEW=-1]
after F-94 is pos:Position [x=-170, y=103, facingNS=0, facingEW=-1]
after W-2 is pos:Position [x=-172, y=103, facingNS=0, facingEW=-1]
after R-90 is pos:Position [x=-172, y=103, facingNS=-1, facingEW=0]
after F-49 is pos:Position [x=-172, y=54, facingNS=-1, facingEW=0]
after W-2 is pos:Position [x=-174, y=54, facingNS=-1, facingEW=0]
after F-26 is pos:Position [x=-174, y=28, facingNS=-1, facingEW=0]
after R-180 is pos:Position [x=-174, y=28, facingNS=1, facingEW=0]
after W-1 is pos:Position [x=-175, y=28, facingNS=1, facingEW=0]
after S-5 is pos:Position [x=-175, y=33, facingNS=1, facingEW=0]
after R-180 is pos:Position [x=-175, y=33, facingNS=-1, facingEW=0]
after W-4 is pos:Position [x=-179, y=33, facingNS=-1, facingEW=0]
after S-3 is pos:Position [x=-179, y=36, facingNS=-1, facingEW=0]
after R-90 is pos:Position [x=-179, y=36, facingNS=0, facingEW=1]
after W-3 is pos:Position [x=-182, y=36, facingNS=0, facingEW=1]
after S-4 is pos:Position [x=-182, y=40, facingNS=0, facingEW=1]
after E-5 is pos:Position [x=-177, y=40, facingNS=0, facingEW=1]
after S-1 is pos:Position [x=-177, y=41, facingNS=0, facingEW=1]
after F-13 is pos:Position [x=-164, y=41, facingNS=0, facingEW=1]
after N-5 is pos:Position [x=-164, y=36, facingNS=0, facingEW=1]
after R-270 is pos:Position [x=-164, y=36, facingNS=-1, facingEW=0]
after E-2 is pos:Position [x=-162, y=36, facingNS=-1, facingEW=0]
after R-270 is pos:Position [x=-162, y=36, facingNS=0, facingEW=-1]
after S-5 is pos:Position [x=-162, y=41, facingNS=0, facingEW=-1]
after F-3 is pos:Position [x=-165, y=41, facingNS=0, facingEW=-1]
after E-3 is pos:Position [x=-162, y=41, facingNS=0, facingEW=-1]
after F-4 is pos:Position [x=-166, y=41, facingNS=0, facingEW=-1]
after S-3 is pos:Position [x=-166, y=44, facingNS=0, facingEW=-1]
after R-270 is pos:Position [x=-166, y=44, facingNS=1, facingEW=0]
after S-1 is pos:Position [x=-166, y=45, facingNS=1, facingEW=0]
after W-4 is pos:Position [x=-170, y=45, facingNS=1, facingEW=0]
after R-90 is pos:Position [x=-170, y=45, facingNS=0, facingEW=-1]
after S-4 is pos:Position [x=-170, y=49, facingNS=0, facingEW=-1]
after L-180 is pos:Position [x=-170, y=49, facingNS=0, facingEW=1]
after N-4 is pos:Position [x=-170, y=45, facingNS=0, facingEW=1]
after F-81 is pos:Position [x=-89, y=45, facingNS=0, facingEW=1]
after W-2 is pos:Position [x=-91, y=45, facingNS=0, facingEW=1]
after R-90 is pos:Position [x=-91, y=45, facingNS=1, facingEW=0]
after F-61 is pos:Position [x=-91, y=106, facingNS=1, facingEW=0]
after R-90 is pos:Position [x=-91, y=106, facingNS=0, facingEW=-1]
after F-13 is pos:Position [x=-104, y=106, facingNS=0, facingEW=-1]
after N-3 is pos:Position [x=-104, y=103, facingNS=0, facingEW=-1]
after R-180 is pos:Position [x=-104, y=103, facingNS=0, facingEW=1]
after W-1 is pos:Position [x=-105, y=103, facingNS=0, facingEW=1]
after F-98 is pos:Position [x=-7, y=103, facingNS=0, facingEW=1]
after S-5 is pos:Position [x=-7, y=108, facingNS=0, facingEW=1]
after F-50 is pos:Position [x=43, y=108, facingNS=0, facingEW=1]
after W-5 is pos:Position [x=38, y=108, facingNS=0, facingEW=1]
after S-3 is pos:Position [x=38, y=111, facingNS=0, facingEW=1]
after W-5 is pos:Position [x=33, y=111, facingNS=0, facingEW=1]
after R-90 is pos:Position [x=33, y=111, facingNS=1, facingEW=0]
after F-17 is pos:Position [x=33, y=128, facingNS=1, facingEW=0]
after S-5 is pos:Position [x=33, y=133, facingNS=1, facingEW=0]
after F-70 is pos:Position [x=33, y=203, facingNS=1, facingEW=0]
after F-7 is pos:Position [x=33, y=210, facingNS=1, facingEW=0]
after E-2 is pos:Position [x=35, y=210, facingNS=1, facingEW=0]
after F-87 is pos:Position [x=35, y=297, facingNS=1, facingEW=0]
after E-1 is pos:Position [x=36, y=297, facingNS=1, facingEW=0]
after L-270 is pos:Position [x=36, y=297, facingNS=0, facingEW=-1]
after F-59 is pos:Position [x=-23, y=297, facingNS=0, facingEW=-1]
after E-2 is pos:Position [x=-21, y=297, facingNS=0, facingEW=-1]
after R-180 is pos:Position [x=-21, y=297, facingNS=0, facingEW=1]
after N-5 is pos:Position [x=-21, y=292, facingNS=0, facingEW=1]
after F-59 is pos:Position [x=38, y=292, facingNS=0, facingEW=1]
after L-90 is pos:Position [x=38, y=292, facingNS=-1, facingEW=0]
after N-5 is pos:Position [x=38, y=287, facingNS=-1, facingEW=0]
after W-5 is pos:Position [x=33, y=287, facingNS=-1, facingEW=0]
after F-10 is pos:Position [x=33, y=277, facingNS=-1, facingEW=0]
after N-3 is pos:Position [x=33, y=274, facingNS=-1, facingEW=0]
after E-1 is pos:Position [x=34, y=274, facingNS=-1, facingEW=0]
after R-90 is pos:Position [x=34, y=274, facingNS=0, facingEW=1]
after W-1 is pos:Position [x=33, y=274, facingNS=0, facingEW=1]
after S-2 is pos:Position [x=33, y=276, facingNS=0, facingEW=1]
after R-90 is pos:Position [x=33, y=276, facingNS=1, facingEW=0]
after N-5 is pos:Position [x=33, y=271, facingNS=1, facingEW=0]
after F-25 is pos:Position [x=33, y=296, facingNS=1, facingEW=0]
after R-90 is pos:Position [x=33, y=296, facingNS=0, facingEW=-1]
after E-2 is pos:Position [x=35, y=296, facingNS=0, facingEW=-1]
after F-57 is pos:Position [x=-22, y=296, facingNS=0, facingEW=-1]
after R-180 is pos:Position [x=-22, y=296, facingNS=0, facingEW=1]
after E-1 is pos:Position [x=-21, y=296, facingNS=0, facingEW=1]
after N-3 is pos:Position [x=-21, y=293, facingNS=0, facingEW=1]
after W-2 is pos:Position [x=-23, y=293, facingNS=0, facingEW=1]
after F-85 is pos:Position [x=62, y=293, facingNS=0, facingEW=1]
after L-90 is pos:Position [x=62, y=293, facingNS=-1, facingEW=0]
after F-50 is pos:Position [x=62, y=243, facingNS=-1, facingEW=0]
after W-2 is pos:Position [x=60, y=243, facingNS=-1, facingEW=0]
after R-90 is pos:Position [x=60, y=243, facingNS=0, facingEW=1]
after S-3 is pos:Position [x=60, y=246, facingNS=0, facingEW=1]
after R-90 is pos:Position [x=60, y=246, facingNS=1, facingEW=0]
after F-27 is pos:Position [x=60, y=273, facingNS=1, facingEW=0]
after E-1 is pos:Position [x=61, y=273, facingNS=1, facingEW=0]
after S-1 is pos:Position [x=61, y=274, facingNS=1, facingEW=0]
after L-90 is pos:Position [x=61, y=274, facingNS=0, facingEW=1]
after F-32 is pos:Position [x=93, y=274, facingNS=0, facingEW=1]
after L-90 is pos:Position [x=93, y=274, facingNS=-1, facingEW=0]
after W-3 is pos:Position [x=90, y=274, facingNS=-1, facingEW=0]
after R-90 is pos:Position [x=90, y=274, facingNS=0, facingEW=1]
after E-1 is pos:Position [x=91, y=274, facingNS=0, facingEW=1]
after F-39 is pos:Position [x=130, y=274, facingNS=0, facingEW=1]
after S-5 is pos:Position [x=130, y=279, facingNS=0, facingEW=1]
after E-4 is pos:Position [x=134, y=279, facingNS=0, facingEW=1]
after F-50 is pos:Position [x=184, y=279, facingNS=0, facingEW=1]
after W-4 is pos:Position [x=180, y=279, facingNS=0, facingEW=1]
after L-90 is pos:Position [x=180, y=279, facingNS=-1, facingEW=0]
after F-63 is pos:Position [x=180, y=216, facingNS=-1, facingEW=0]
after N-2 is pos:Position [x=180, y=214, facingNS=-1, facingEW=0]
after F-67 is pos:Position [x=180, y=147, facingNS=-1, facingEW=0]
after W-3 is pos:Position [x=177, y=147, facingNS=-1, facingEW=0]
after R-90 is pos:Position [x=177, y=147, facingNS=0, facingEW=1]
after F-4 is pos:Position [x=181, y=147, facingNS=0, facingEW=1]
after N-2 is pos:Position [x=181, y=145, facingNS=0, facingEW=1]
after R-90 is pos:Position [x=181, y=145, facingNS=1, facingEW=0]
after F-90 is pos:Position [x=181, y=235, facingNS=1, facingEW=0]
after N-5 is pos:Position [x=181, y=230, facingNS=1, facingEW=0]
after L-180 is pos:Position [x=181, y=230, facingNS=-1, facingEW=0]
after F-24 is pos:Position [x=181, y=206, facingNS=-1, facingEW=0]
after E-5 is pos:Position [x=186, y=206, facingNS=-1, facingEW=0]
after N-3 is pos:Position [x=186, y=203, facingNS=-1, facingEW=0]
after L-180 is pos:Position [x=186, y=203, facingNS=1, facingEW=0]
after F-67 is pos:Position [x=186, y=270, facingNS=1, facingEW=0]
after E-3 is pos:Position [x=189, y=270, facingNS=1, facingEW=0]
after L-90 is pos:Position [x=189, y=270, facingNS=0, facingEW=1]
after S-3 is pos:Position [x=189, y=273, facingNS=0, facingEW=1]
after F-49 is pos:Position [x=238, y=273, facingNS=0, facingEW=1]
after R-90 is pos:Position [x=238, y=273, facingNS=1, facingEW=0]
after E-5 is pos:Position [x=243, y=273, facingNS=1, facingEW=0]
after F-89 is pos:Position [x=243, y=362, facingNS=1, facingEW=0]
after W-5 is pos:Position [x=238, y=362, facingNS=1, facingEW=0]
after F-62 is pos:Position [x=238, y=424, facingNS=1, facingEW=0]
after F-39 is pos:Position [x=238, y=463, facingNS=1, facingEW=0]
after F-33 is pos:Position [x=238, y=496, facingNS=1, facingEW=0]
after W-1 is pos:Position [x=237, y=496, facingNS=1, facingEW=0]
after R-90 is pos:Position [x=237, y=496, facingNS=0, facingEW=-1]
after F-18 is pos:Position [x=219, y=496, facingNS=0, facingEW=-1]
after S-3 is pos:Position [x=219, y=499, facingNS=0, facingEW=-1]
after R-90 is pos:Position [x=219, y=499, facingNS=-1, facingEW=0]
after N-4 is pos:Position [x=219, y=495, facingNS=-1, facingEW=0]
after F-47 is pos:Position [x=219, y=448, facingNS=-1, facingEW=0]
after N-5 is pos:Position [x=219, y=443, facingNS=-1, facingEW=0]
after N-3 is pos:Position [x=219, y=440, facingNS=-1, facingEW=0]
after W-2 is pos:Position [x=217, y=440, facingNS=-1, facingEW=0]
after S-5 is pos:Position [x=217, y=445, facingNS=-1, facingEW=0]
after L-90 is pos:Position [x=217, y=445, facingNS=0, facingEW=-1]
after E-4 is pos:Position [x=221, y=445, facingNS=0, facingEW=-1]
after L-90 is pos:Position [x=221, y=445, facingNS=1, facingEW=0]
after W-2 is pos:Position [x=219, y=445, facingNS=1, facingEW=0]
after R-90 is pos:Position [x=219, y=445, facingNS=0, facingEW=-1]
after W-5 is pos:Position [x=214, y=445, facingNS=0, facingEW=-1]
after L-90 is pos:Position [x=214, y=445, facingNS=1, facingEW=0]
after W-5 is pos:Position [x=209, y=445, facingNS=1, facingEW=0]
after N-4 is pos:Position [x=209, y=441, facingNS=1, facingEW=0]
after F-64 is pos:Position [x=209, y=505, facingNS=1, facingEW=0]
after R-90 is pos:Position [x=209, y=505, facingNS=0, facingEW=-1]
after S-2 is pos:Position [x=209, y=507, facingNS=0, facingEW=-1]
after W-4 is pos:Position [x=205, y=507, facingNS=0, facingEW=-1]
after R-90 is pos:Position [x=205, y=507, facingNS=-1, facingEW=0]
after N-3 is pos:Position [x=205, y=504, facingNS=-1, facingEW=0]
after F-18 is pos:Position [x=205, y=486, facingNS=-1, facingEW=0]
after L-90 is pos:Position [x=205, y=486, facingNS=0, facingEW=-1]
after S-4 is pos:Position [x=205, y=490, facingNS=0, facingEW=-1]
after L-90 is pos:Position [x=205, y=490, facingNS=1, facingEW=0]
after F-31 is pos:Position [x=205, y=521, facingNS=1, facingEW=0]
after S-4 is pos:Position [x=205, y=525, facingNS=1, facingEW=0]
after L-90 is pos:Position [x=205, y=525, facingNS=0, facingEW=1]
after F-79 is pos:Position [x=284, y=525, facingNS=0, facingEW=1]
after R-90 is pos:Position [x=284, y=525, facingNS=1, facingEW=0]
after F-69 is pos:Position [x=284, y=594, facingNS=1, facingEW=0]
after N-3 is pos:Position [x=284, y=591, facingNS=1, facingEW=0]
after E-4 is pos:Position [x=288, y=591, facingNS=1, facingEW=0]
after F-64 is pos:Position [x=288, y=655, facingNS=1, facingEW=0]
after N-2 is pos:Position [x=288, y=653, facingNS=1, facingEW=0]
after E-4 is pos:Position [x=292, y=653, facingNS=1, facingEW=0]
after R-90 is pos:Position [x=292, y=653, facingNS=0, facingEW=-1]
after F-20 is pos:Position [x=272, y=653, facingNS=0, facingEW=-1]
after R-180 is pos:Position [x=272, y=653, facingNS=0, facingEW=1]
after E-1 is pos:Position [x=273, y=653, facingNS=0, facingEW=1]
after F-85 is pos:Position [x=358, y=653, facingNS=0, facingEW=1]
after W-1 is pos:Position [x=357, y=653, facingNS=0, facingEW=1]
after S-5 is pos:Position [x=357, y=658, facingNS=0, facingEW=1]
after S-2 is pos:Position [x=357, y=660, facingNS=0, facingEW=1]
after F-21 is pos:Position [x=378, y=660, facingNS=0, facingEW=1]
after R-90 is pos:Position [x=378, y=660, facingNS=1, facingEW=0]
after F-43 is pos:Position [x=378, y=703, facingNS=1, facingEW=0]
after N-1 is pos:Position [x=378, y=702, facingNS=1, facingEW=0]
after F-18 is pos:Position [x=378, y=720, facingNS=1, facingEW=0]
after S-5 is pos:Position [x=378, y=725, facingNS=1, facingEW=0]
after R-180 is pos:Position [x=378, y=725, facingNS=-1, facingEW=0]
after F-52 is pos:Position [x=378, y=673, facingNS=-1, facingEW=0]
after L-180 is pos:Position [x=378, y=673, facingNS=1, facingEW=0]
after W-4 is pos:Position [x=374, y=673, facingNS=1, facingEW=0]
after F-5 is pos:Position [x=374, y=678, facingNS=1, facingEW=0]
after L-90 is pos:Position [x=374, y=678, facingNS=0, facingEW=1]
after F-70 is pos:Position [x=444, y=678, facingNS=0, facingEW=1]
after S-4 is pos:Position [x=444, y=682, facingNS=0, facingEW=1]
after N-3 is pos:Position [x=444, y=679, facingNS=0, facingEW=1]
after R-180 is pos:Position [x=444, y=679, facingNS=0, facingEW=-1]
after F-64 is pos:Position [x=380, y=679, facingNS=0, facingEW=-1]
after R-90 is pos:Position [x=380, y=679, facingNS=-1, facingEW=0]
after F-17 is pos:Position [x=380, y=662, facingNS=-1, facingEW=0]
after R-90 is pos:Position [x=380, y=662, facingNS=0, facingEW=1]
after E-5 is pos:Position [x=385, y=662, facingNS=0, facingEW=1]
after F-85 is pos:Position [x=470, y=662, facingNS=0, facingEW=1]
after N-1 is pos:Position [x=470, y=661, facingNS=0, facingEW=1]
after F-74 is pos:Position [x=544, y=661, facingNS=0, facingEW=1]
after E-5 is pos:Position [x=549, y=661, facingNS=0, facingEW=1]
after F-21 is pos:Position [x=570, y=661, facingNS=0, facingEW=1]
after N-1 is pos:Position [x=570, y=660, facingNS=0, facingEW=1]
after F-35 is pos:Position [x=605, y=660, facingNS=0, facingEW=1]
after N-1 is pos:Position [x=605, y=659, facingNS=0, facingEW=1]
after F-65 is pos:Position [x=670, y=659, facingNS=0, facingEW=1]
after W-2 is pos:Position [x=668, y=659, facingNS=0, facingEW=1]
after F-67 is pos:Position [x=735, y=659, facingNS=0, facingEW=1]
after N-1 is pos:Position [x=735, y=658, facingNS=0, facingEW=1]
after E-5 is pos:Position [x=740, y=658, facingNS=0, facingEW=1]
after F-79 is pos:Position [x=819, y=658, facingNS=0, facingEW=1]
after S-4 is pos:Position [x=819, y=662, facingNS=0, facingEW=1]
after R-90 is pos:Position [x=819, y=662, facingNS=1, facingEW=0]
after F-20 is pos:Position [x=819, y=682, facingNS=1, facingEW=0]
after R-180 is pos:Position [x=819, y=682, facingNS=-1, facingEW=0]
after W-5 is pos:Position [x=814, y=682, facingNS=-1, facingEW=0]
after L-180 is pos:Position [x=814, y=682, facingNS=1, facingEW=0]
after S-4 is pos:Position [x=814, y=686, facingNS=1, facingEW=0]
after F-56 is pos:Position [x=814, y=742, facingNS=1, facingEW=0]
after S-4 is pos:Position [x=814, y=746, facingNS=1, facingEW=0]
after L-90 is pos:Position [x=814, y=746, facingNS=0, facingEW=1]
after E-5 is pos:Position [x=819, y=746, facingNS=0, facingEW=1]
after F-13 is pos:Position [x=832, y=746, facingNS=0, facingEW=1]
after S-5 is pos:Position [x=832, y=751, facingNS=0, facingEW=1]
after F-38 is pos:Position [x=870, y=751, facingNS=0, facingEW=1]
after W-1 is pos:Position [x=869, y=751, facingNS=0, facingEW=1]
after S-2 is pos:Position [x=869, y=753, facingNS=0, facingEW=1]
after L-90 is pos:Position [x=869, y=753, facingNS=-1, facingEW=0]
after N-4 is pos:Position [x=869, y=749, facingNS=-1, facingEW=0]
after E-3 is pos:Position [x=872, y=749, facingNS=-1, facingEW=0]
after R-180 is pos:Position [x=872, y=749, facingNS=1, facingEW=0]
after W-3 is pos:Position [x=869, y=749, facingNS=1, facingEW=0]
after N-1 is pos:Position [x=869, y=748, facingNS=1, facingEW=0]
after R-90 is pos:Position [x=869, y=748, facingNS=0, facingEW=-1]
after F-52 is pos:Position [x=817, y=748, facingNS=0, facingEW=-1]
after N-5 is pos:Position [x=817, y=743, facingNS=0, facingEW=-1]
after F-23 is pos:Position [x=794, y=743, facingNS=0, facingEW=-1]
after E-5 is pos:Position [x=799, y=743, facingNS=0, facingEW=-1]
after F-82 is pos:Position [x=717, y=743, facingNS=0, facingEW=-1]
after E-5 is pos:Position [x=722, y=743, facingNS=0, facingEW=-1]
after S-2 is pos:Position [x=722, y=745, facingNS=0, facingEW=-1]
after E-3 is pos:Position [x=725, y=745, facingNS=0, facingEW=-1]
after N-3 is pos:Position [x=725, y=742, facingNS=0, facingEW=-1]
after S-2 is pos:Position [x=725, y=744, facingNS=0, facingEW=-1]
after L-90 is pos:Position [x=725, y=744, facingNS=1, facingEW=0]
after N-1 is pos:Position [x=725, y=743, facingNS=1, facingEW=0]
after R-90 is pos:Position [x=725, y=743, facingNS=0, facingEW=-1]
after S-5 is pos:Position [x=725, y=748, facingNS=0, facingEW=-1]
after F-60 is pos:Position [x=665, y=748, facingNS=0, facingEW=-1]
after W-1 is pos:Position [x=664, y=748, facingNS=0, facingEW=-1]
after N-2 is pos:Position [x=664, y=746, facingNS=0, facingEW=-1]
after W-1 is pos:Position [x=663, y=746, facingNS=0, facingEW=-1]
after N-3 is pos:Position [x=663, y=743, facingNS=0, facingEW=-1]
after E-4 is pos:Position [x=667, y=743, facingNS=0, facingEW=-1]
after F-2 is pos:Position [x=665, y=743, facingNS=0, facingEW=-1]
after E-2 is pos:Position [x=667, y=743, facingNS=0, facingEW=-1]
after L-90 is pos:Position [x=667, y=743, facingNS=1, facingEW=0]
after S-1 is pos:Position [x=667, y=744, facingNS=1, facingEW=0]
after L-90 is pos:Position [x=667, y=744, facingNS=0, facingEW=1]
after E-4 is pos:Position [x=671, y=744, facingNS=0, facingEW=1]
after N-1 is pos:Position [x=671, y=743, facingNS=0, facingEW=1]
after R-180 is pos:Position [x=671, y=743, facingNS=0, facingEW=-1]
after E-2 is pos:Position [x=673, y=743, facingNS=0, facingEW=-1]
after R-180 is pos:Position [x=673, y=743, facingNS=0, facingEW=1]
after F-93 is pos:Position [x=766, y=743, facingNS=0, facingEW=1]
after F-94 is pos:Position [x=860, y=743, facingNS=0, facingEW=1]
after L-90 is pos:Position [x=860, y=743, facingNS=-1, facingEW=0]
after S-4 is pos:Position [x=860, y=747, facingNS=-1, facingEW=0]
after E-5 is pos:Position [x=865, y=747, facingNS=-1, facingEW=0]
after R-90 is pos:Position [x=865, y=747, facingNS=0, facingEW=1]
after F-5 is pos:Position [x=870, y=747, facingNS=0, facingEW=1]
after S-2 is pos:Position [x=870, y=749, facingNS=0, facingEW=1]
after E-2 is pos:Position [x=872, y=749, facingNS=0, facingEW=1]
after S-3 is pos:Position [x=872, y=752, facingNS=0, facingEW=1]
after E-4 is pos:Position [x=876, y=752, facingNS=0, facingEW=1]
after R-180 is pos:Position [x=876, y=752, facingNS=0, facingEW=-1]
after F-56 is pos:Position [x=820, y=752, facingNS=0, facingEW=-1]
after E-2 is pos:Position [x=822, y=752, facingNS=0, facingEW=-1]
after N-2 is pos:Position [x=822, y=750, facingNS=0, facingEW=-1]
after F-3 is pos:Position [x=819, y=750, facingNS=0, facingEW=-1]
after R-90 is pos:Position [x=819, y=750, facingNS=-1, facingEW=0]
after W-2 is pos:Position [x=817, y=750, facingNS=-1, facingEW=0]
after F-94 is pos:Position [x=817, y=656, facingNS=-1, facingEW=0]
after W-5 is pos:Position [x=812, y=656, facingNS=-1, facingEW=0]
after F-47 is pos:Position [x=812, y=609, facingNS=-1, facingEW=0]
after L-180 is pos:Position [x=812, y=609, facingNS=1, facingEW=0]
after F-68 is pos:Position [x=812, y=677, facingNS=1, facingEW=0]
after E-5 is pos:Position [x=817, y=677, facingNS=1, facingEW=0]
after F-63 is pos:Position [x=817, y=740, facingNS=1, facingEW=0]
after S-3 is pos:Position [x=817, y=743, facingNS=1, facingEW=0]
after E-4 is pos:Position [x=821, y=743, facingNS=1, facingEW=0]
after F-93 is pos:Position [x=821, y=836, facingNS=1, facingEW=0]
after L-90 is pos:Position [x=821, y=836, facingNS=0, facingEW=1]
after S-5 is pos:Position [x=821, y=841, facingNS=0, facingEW=1]
after L-180 is pos:Position [x=821, y=841, facingNS=0, facingEW=-1]
after W-5 is pos:Position [x=816, y=841, facingNS=0, facingEW=-1]
after S-5 is pos:Position [x=816, y=846, facingNS=0, facingEW=-1]
after W-3 is pos:Position [x=813, y=846, facingNS=0, facingEW=-1]
after L-180 is pos:Position [x=813, y=846, facingNS=0, facingEW=1]
after F-34 is pos:Position [x=847, y=846, facingNS=0, facingEW=1]
after R-90 is pos:Position [x=847, y=846, facingNS=1, facingEW=0]
after F-87 is pos:Position [x=847, y=933, facingNS=1, facingEW=0]
after W-4 is pos:Position [x=843, y=933, facingNS=1, facingEW=0]
after S-1 is pos:Position [x=843, y=934, facingNS=1, facingEW=0]
after W-3 is pos:Position [x=840, y=934, facingNS=1, facingEW=0]
after R-270 is pos:Position [x=840, y=934, facingNS=0, facingEW=1]
after S-1 is pos:Position [x=840, y=935, facingNS=0, facingEW=1]
after E-1 is pos:Position [x=841, y=935, facingNS=0, facingEW=1]
after F-78 is pos:Position [x=919, y=935, facingNS=0, facingEW=1]
after E-4 is pos:Position [x=923, y=935, facingNS=0, facingEW=1]
after R-90 is pos:Position [x=923, y=935, facingNS=1, facingEW=0]
after F-91 is pos:Position [x=923, y=1026, facingNS=1, facingEW=0]
after W-4 is pos:Position [x=919, y=1026, facingNS=1, facingEW=0]
after S-3 is pos:Position [x=919, y=1029, facingNS=1, facingEW=0]
after W-1 is pos:Position [x=918, y=1029, facingNS=1, facingEW=0]
after F-41 is pos:Position [x=918, y=1070, facingNS=1, facingEW=0]
after N-4 is pos:Position [x=918, y=1066, facingNS=1, facingEW=0]
after E-1 is pos:Position [x=919, y=1066, facingNS=1, facingEW=0]
after F-66 is pos:Position [x=919, y=1132, facingNS=1, facingEW=0]
after S-1 is pos:Position [x=919, y=1133, facingNS=1, facingEW=0]
after W-5 is pos:Position [x=914, y=1133, facingNS=1, facingEW=0]
after F-62 is pos:Position [x=914, y=1195, facingNS=1, facingEW=0]
after N-2 is pos:Position [x=914, y=1193, facingNS=1, facingEW=0]
after W-2 is pos:Position [x=912, y=1193, facingNS=1, facingEW=0]
after L-90 is pos:Position [x=912, y=1193, facingNS=0, facingEW=1]
after W-1 is pos:Position [x=911, y=1193, facingNS=0, facingEW=1]
after F-23 is pos:Position [x=934, y=1193, facingNS=0, facingEW=1]
after L-270 is pos:Position [x=934, y=1193, facingNS=1, facingEW=0]
after N-2 is pos:Position [x=934, y=1191, facingNS=1, facingEW=0]
after W-2 is pos:Position [x=932, y=1191, facingNS=1, facingEW=0]
after S-3 is pos:Position [x=932, y=1194, facingNS=1, facingEW=0]
after F-9 is pos:Position [x=932, y=1203, facingNS=1, facingEW=0]
after R-90 is pos:Position [x=932, y=1203, facingNS=0, facingEW=-1]
after F-2 is pos:Position [x=930, y=1203, facingNS=0, facingEW=-1]
after E-4 is pos:Position [x=934, y=1203, facingNS=0, facingEW=-1]
after F-61 is pos:Position [x=873, y=1203, facingNS=0, facingEW=-1]
after L-90 is pos:Position [x=873, y=1203, facingNS=1, facingEW=0]
after W-5 is pos:Position [x=868, y=1203, facingNS=1, facingEW=0]
after N-4 is pos:Position [x=868, y=1199, facingNS=1, facingEW=0]
after F-97 is pos:Position [x=868, y=1296, facingNS=1, facingEW=0]
after L-90 is pos:Position [x=868, y=1296, facingNS=0, facingEW=1]
after F-93 is pos:Position [x=961, y=1296, facingNS=0, facingEW=1]
after N-5 is pos:Position [x=961, y=1291, facingNS=0, facingEW=1]
after L-270 is pos:Position [x=961, y=1291, facingNS=1, facingEW=0]
after R-90 is pos:Position [x=961, y=1291, facingNS=0, facingEW=-1]
after W-1 is pos:Position [x=960, y=1291, facingNS=0, facingEW=-1]
after R-90 is pos:Position [x=960, y=1291, facingNS=-1, facingEW=0]
after R-90 is pos:Position [x=960, y=1291, facingNS=0, facingEW=1]
after N-4 is pos:Position [x=960, y=1287, facingNS=0, facingEW=1]
after E-1 is pos:Position [x=961, y=1287, facingNS=0, facingEW=1]
after F-72 is pos:Position [x=1033, y=1287, facingNS=0, facingEW=1]
after N-4 is pos:Position [x=1033, y=1283, facingNS=0, facingEW=1]
after R-270 is pos:Position [x=1033, y=1283, facingNS=-1, facingEW=0]
after F-24 is pos:Position [x=1033, y=1259, facingNS=-1, facingEW=0]
after W-1 is pos:Position [x=1032, y=1259, facingNS=-1, facingEW=0]
after F-79 is pos:Position [x=1032, y=1180, facingNS=-1, facingEW=0]
after S-1 is pos:Position [x=1032, y=1181, facingNS=-1, facingEW=0]
after E-3 is pos:Position [x=1035, y=1181, facingNS=-1, facingEW=0]
after N-4 is pos:Position [x=1035, y=1177, facingNS=-1, facingEW=0]
after E-3 is pos:Position [x=1038, y=1177, facingNS=-1, facingEW=0]
after L-90 is pos:Position [x=1038, y=1177, facingNS=0, facingEW=-1]
after W-2 is pos:Position [x=1036, y=1177, facingNS=0, facingEW=-1]
after S-1 is pos:Position [x=1036, y=1178, facingNS=0, facingEW=-1]
after R-270 is pos:Position [x=1036, y=1178, facingNS=1, facingEW=0]
after W-5 is pos:Position [x=1031, y=1178, facingNS=1, facingEW=0]
after F-24 is pos:Position [x=1031, y=1202, facingNS=1, facingEW=0]
after E-5 is pos:Position [x=1036, y=1202, facingNS=1, facingEW=0]
after S-4 is pos:Position [x=1036, y=1206, facingNS=1, facingEW=0]
after F-22 is pos:Position [x=1036, y=1228, facingNS=1, facingEW=0]
after L-180 is pos:Position [x=1036, y=1228, facingNS=-1, facingEW=0]
after F-57 is pos:Position [x=1036, y=1171, facingNS=-1, facingEW=0]
after S-5 is pos:Position [x=1036, y=1176, facingNS=-1, facingEW=0]
after R-90 is pos:Position [x=1036, y=1176, facingNS=0, facingEW=1]
after N-4 is pos:Position [x=1036, y=1172, facingNS=0, facingEW=1]
after W-3 is pos:Position [x=1033, y=1172, facingNS=0, facingEW=1]
after F-18 is pos:Position [x=1051, y=1172, facingNS=0, facingEW=1]
after N-2 is pos:Position [x=1051, y=1170, facingNS=0, facingEW=1]
after R-90 is pos:Position [x=1051, y=1170, facingNS=1, facingEW=0]
after E-3 is pos:Position [x=1054, y=1170, facingNS=1, facingEW=0]
after F-55 is pos:Position [x=1054, y=1225, facingNS=1, facingEW=0]
after N-2 is pos:Position [x=1054, y=1223, facingNS=1, facingEW=0]
after R-90 is pos:Position [x=1054, y=1223, facingNS=0, facingEW=-1]
after S-5 is pos:Position [x=1054, y=1228, facingNS=0, facingEW=-1]
after F-4 is pos:Position [x=1050, y=1228, facingNS=0, facingEW=-1]
after W-3 is pos:Position [x=1047, y=1228, facingNS=0, facingEW=-1]
after L-90 is pos:Position [x=1047, y=1228, facingNS=1, facingEW=0]
after N-2 is pos:Position [x=1047, y=1226, facingNS=1, facingEW=0]
after W-3 is pos:Position [x=1044, y=1226, facingNS=1, facingEW=0]
after L-270 is pos:Position [x=1044, y=1226, facingNS=0, facingEW=-1]
after E-4 is pos:Position [x=1048, y=1226, facingNS=0, facingEW=-1]
after R-90 is pos:Position [x=1048, y=1226, facingNS=-1, facingEW=0]
after F-46 is pos:Position [x=1048, y=1180, facingNS=-1, facingEW=0]
after S-5 is pos:Position [x=1048, y=1185, facingNS=-1, facingEW=0]
after N-1 is pos:Position [x=1048, y=1184, facingNS=-1, facingEW=0]
after F-16 is pos:Position [x=1048, y=1168, facingNS=-1, facingEW=0]
after N-1 is pos:Position [x=1048, y=1167, facingNS=-1, facingEW=0]
after R-90 is pos:Position [x=1048, y=1167, facingNS=0, facingEW=1]
after F-8 is pos:Position [x=1056, y=1167, facingNS=0, facingEW=1]
after L-180 is pos:Position [x=1056, y=1167, facingNS=0, facingEW=-1]
after N-2 is pos:Position [x=1056, y=1165, facingNS=0, facingEW=-1]
after W-3 is pos:Position [x=1053, y=1165, facingNS=0, facingEW=-1]
after N-4 is pos:Position [x=1053, y=1161, facingNS=0, facingEW=-1]
after E-1 is pos:Position [x=1054, y=1161, facingNS=0, facingEW=-1]
after S-3 is pos:Position [x=1054, y=1164, facingNS=0, facingEW=-1]
after L-90 is pos:Position [x=1054, y=1164, facingNS=1, facingEW=0]
after F-4 is pos:Position [x=1054, y=1168, facingNS=1, facingEW=0]
after E-5 is pos:Position [x=1059, y=1168, facingNS=1, facingEW=0]
after N-5 is pos:Position [x=1059, y=1163, facingNS=1, facingEW=0]
after E-3 is pos:Position [x=1062, y=1163, facingNS=1, facingEW=0]
after R-90 is pos:Position [x=1062, y=1163, facingNS=0, facingEW=-1]
after F-35 is pos:Position [x=1027, y=1163, facingNS=0, facingEW=-1]
after N-2 is pos:Position [x=1027, y=1161, facingNS=0, facingEW=-1]
after F-68 is pos:Position [x=959, y=1161, facingNS=0, facingEW=-1]
after F-33 is pos:Position [x=926, y=1161, facingNS=0, facingEW=-1]
after E-5 is pos:Position [x=931, y=1161, facingNS=0, facingEW=-1]
after F-38 is pos:Position [x=893, y=1161, facingNS=0, facingEW=-1]
after E-4 is pos:Position [x=897, y=1161, facingNS=0, facingEW=-1]
after F-27 is pos:Position [x=870, y=1161, facingNS=0, facingEW=-1]
after R-180 is pos:Position [x=870, y=1161, facingNS=0, facingEW=1]
after S-5 is pos:Position [x=870, y=1166, facingNS=0, facingEW=1]
after F-47 is pos:Position [x=917, y=1166, facingNS=0, facingEW=1]
after R-90 is pos:Position [x=917, y=1166, facingNS=1, facingEW=0]
after F-43 is pos:Position [x=917, y=1209, facingNS=1, facingEW=0]
after R-90 is pos:Position [x=917, y=1209, facingNS=0, facingEW=-1]
after S-1 is pos:Position [x=917, y=1210, facingNS=0, facingEW=-1]
after F-84 is pos:Position [x=833, y=1210, facingNS=0, facingEW=-1]
after L-180 is pos:Position [x=833, y=1210, facingNS=0, facingEW=1]
after F-47 is pos:Position [x=880, y=1210, facingNS=0, facingEW=1]
after R-90 is pos:Position [x=880, y=1210, facingNS=1, facingEW=0]
after N-4 is pos:Position [x=880, y=1206, facingNS=1, facingEW=0]
after E-4 is pos:Position [x=884, y=1206, facingNS=1, facingEW=0]
after F-77 is pos:Position [x=884, y=1283, facingNS=1, facingEW=0]
after R-180 is pos:Position [x=884, y=1283, facingNS=-1, facingEW=0]
after N-1 is pos:Position [x=884, y=1282, facingNS=-1, facingEW=0]
after E-2 is pos:Position [x=886, y=1282, facingNS=-1, facingEW=0]
after S-4 is pos:Position [x=886, y=1286, facingNS=-1, facingEW=0]
after F-45 is pos:Position [x=886, y=1241, facingNS=-1, facingEW=0]
after S-1 is pos:Position [x=886, y=1242, facingNS=-1, facingEW=0]
after L-90 is pos:Position [x=886, y=1242, facingNS=0, facingEW=-1]
after E-5 is pos:Position [x=891, y=1242, facingNS=0, facingEW=-1]
after F-40 is pos:Position [x=851, y=1242, facingNS=0, facingEW=-1]
after L-90 is pos:Position [x=851, y=1242, facingNS=1, facingEW=0]
after W-5 is pos:Position [x=846, y=1242, facingNS=1, facingEW=0]
after F-25 is pos:Position [x=846, y=1267, facingNS=1, facingEW=0]
after W-4 is pos:Position [x=842, y=1267, facingNS=1, facingEW=0]
after R-90 is pos:Position [x=842, y=1267, facingNS=0, facingEW=-1]
after F-80 is pos:Position [x=762, y=1267, facingNS=0, facingEW=-1]
after N-5 is pos:Position [x=762, y=1262, facingNS=0, facingEW=-1]
after E-2 is pos:Position [x=764, y=1262, facingNS=0, facingEW=-1]
after F-74 is pos:Position [x=690, y=1262, facingNS=0, facingEW=-1]
after W-3 is pos:Position [x=687, y=1262, facingNS=0, facingEW=-1]
after N-3 is pos:Position [x=687, y=1259, facingNS=0, facingEW=-1]
after E-4 is pos:Position [x=691, y=1259, facingNS=0, facingEW=-1]
after F-48 is pos:Position [x=643, y=1259, facingNS=0, facingEW=-1]
after N-3 is pos:Position [x=643, y=1256, facingNS=0, facingEW=-1]
after R-90 is pos:Position [x=643, y=1256, facingNS=-1, facingEW=0]
after N-2 is pos:Position [x=643, y=1254, facingNS=-1, facingEW=0]
after W-1 is pos:Position [x=642, y=1254, facingNS=-1, facingEW=0]
after L-90 is pos:Position [x=642, y=1254, facingNS=0, facingEW=-1]
after S-2 is pos:Position [x=642, y=1256, facingNS=0, facingEW=-1]
after F-35 is pos:Position [x=607, y=1256, facingNS=0, facingEW=-1]
after L-90 is pos:Position [x=607, y=1256, facingNS=1, facingEW=0]
after E-5 is pos:Position [x=612, y=1256, facingNS=1, facingEW=0]
after R-180 is pos:Position [x=612, y=1256, facingNS=-1, facingEW=0]
after W-5 is pos:Position [x=607, y=1256, facingNS=-1, facingEW=0]
after N-2 is pos:Position [x=607, y=1254, facingNS=-1, facingEW=0]
after E-1 is pos:Position [x=608, y=1254, facingNS=-1, facingEW=0]
after L-90 is pos:Position [x=608, y=1254, facingNS=0, facingEW=-1]
after N-2 is pos:Position [x=608, y=1252, facingNS=0, facingEW=-1]
after F-78 is pos:Position [x=530, y=1252, facingNS=0, facingEW=-1]
after S-5 is pos:Position [x=530, y=1257, facingNS=0, facingEW=-1]
after R-270 is pos:Position [x=530, y=1257, facingNS=1, facingEW=0]
after S-5 is pos:Position [x=530, y=1262, facingNS=1, facingEW=0]
after R-90 is pos:Position [x=530, y=1262, facingNS=0, facingEW=-1]
after N-5 is pos:Position [x=530, y=1257, facingNS=0, facingEW=-1]
after E-3 is pos:Position [x=533, y=1257, facingNS=0, facingEW=-1]
after L-90 is pos:Position [x=533, y=1257, facingNS=1, facingEW=0]
after S-5 is pos:Position [x=533, y=1262, facingNS=1, facingEW=0]
after F-13 is pos:Position [x=533, y=1275, facingNS=1, facingEW=0]
after S-5 is pos:Position [x=533, y=1280, facingNS=1, facingEW=0]
after F-52 is pos:Position [x=533, y=1332, facingNS=1, facingEW=0]
after L-90 is pos:Position [x=533, y=1332, facingNS=0, facingEW=1]
after N-2 is pos:Position [x=533, y=1330, facingNS=0, facingEW=1]
after R-180 is pos:Position [x=533, y=1330, facingNS=0, facingEW=-1]
after E-1 is pos:Position [x=534, y=1330, facingNS=0, facingEW=-1]
after F-41 is pos:Position [x=493, y=1330, facingNS=0, facingEW=-1]
after S-1 is pos:Position [x=493, y=1331, facingNS=0, facingEW=-1]
after F-20 is pos:Position [x=473, y=1331, facingNS=0, facingEW=-1]
after N-4 is pos:Position [x=473, y=1327, facingNS=0, facingEW=-1]
after F-34 is pos:Position [x=439, y=1327, facingNS=0, facingEW=-1]
after N-2 is pos:Position [x=439, y=1325, facingNS=0, facingEW=-1]
after F-45 is pos:Position [x=394, y=1325, facingNS=0, facingEW=-1]
after E-5 is pos:Position [x=399, y=1325, facingNS=0, facingEW=-1]
after L-90 is pos:Position [x=399, y=1325, facingNS=1, facingEW=0]
after W-3 is pos:Position [x=396, y=1325, facingNS=1, facingEW=0]
after L-270 is pos:Position [x=396, y=1325, facingNS=0, facingEW=-1]
after N-5 is pos:Position [x=396, y=1320, facingNS=0, facingEW=-1]
after F-52 is pos:Position [x=344, y=1320, facingNS=0, facingEW=-1]
after R-90 is pos:Position [x=344, y=1320, facingNS=-1, facingEW=0]
after N-5 is pos:Position [x=344, y=1315, facingNS=-1, facingEW=0]
after E-5 is pos:Position [x=349, y=1315, facingNS=-1, facingEW=0]
after N-2 is pos:Position [x=349, y=1313, facingNS=-1, facingEW=0]
after W-2 is pos:Position [x=347, y=1313, facingNS=-1, facingEW=0]
after W-5 is pos:Position [x=342, y=1313, facingNS=-1, facingEW=0]
after R-270 is pos:Position [x=342, y=1313, facingNS=0, facingEW=-1]
after W-5 is pos:Position [x=337, y=1313, facingNS=0, facingEW=-1]
after F-10 is pos:Position [x=327, y=1313, facingNS=0, facingEW=-1]
after N-3 is pos:Position [x=327, y=1310, facingNS=0, facingEW=-1]
after F-63 is pos:Position [x=264, y=1310, facingNS=0, facingEW=-1]
after N-4 is pos:Position [x=264, y=1306, facingNS=0, facingEW=-1]
after F-53 is pos:Position [x=211, y=1306, facingNS=0, facingEW=-1]
after L-90 is pos:Position [x=211, y=1306, facingNS=1, facingEW=0]
after E-5 is pos:Position [x=216, y=1306, facingNS=1, facingEW=0]
after L-270 is pos:Position [x=216, y=1306, facingNS=0, facingEW=-1]
after F-17 is pos:Position [x=199, y=1306, facingNS=0, facingEW=-1]
after N-1 is pos:Position [x=199, y=1305, facingNS=0, facingEW=-1]
after L-90 is pos:Position [x=199, y=1305, facingNS=1, facingEW=0]
after F-26 is pos:Position [x=199, y=1331, facingNS=1, facingEW=0]
after F-93 is pos:Position [x=199, y=1424, facingNS=1, facingEW=0]
after R-90 is pos:Position [x=199, y=1424, facingNS=0, facingEW=-1]
after S-5 is pos:Position [x=199, y=1429, facingNS=0, facingEW=-1]
after R-270 is pos:Position [x=199, y=1429, facingNS=1, facingEW=0]
after S-5 is pos:Position [x=199, y=1434, facingNS=1, facingEW=0]
after R-180 is pos:Position [x=199, y=1434, facingNS=-1, facingEW=0]
after N-4 is pos:Position [x=199, y=1430, facingNS=-1, facingEW=0]
after F-58 is pos:Position [x=199, y=1372, facingNS=-1, facingEW=0]
after L-180 is pos:Position [x=199, y=1372, facingNS=1, facingEW=0]
after F-40 is pos:Position [x=199, y=1412, facingNS=1, facingEW=0]
after S-2 is pos:Position [x=199, y=1414, facingNS=1, facingEW=0]
after F-54 is pos:Position [x=199, y=1468, facingNS=1, facingEW=0]
after N-5 is pos:Position [x=199, y=1463, facingNS=1, facingEW=0]
after F-70 is pos:Position [x=199, y=1533, facingNS=1, facingEW=0]
after W-1 is pos:Position [x=198, y=1533, facingNS=1, facingEW=0]
after N-4 is pos:Position [x=198, y=1529, facingNS=1, facingEW=0]
after W-1 is pos:Position [x=197, y=1529, facingNS=1, facingEW=0]
after L-90 is pos:Position [x=197, y=1529, facingNS=0, facingEW=1]
after W-5 is pos:Position [x=192, y=1529, facingNS=0, facingEW=1]
after R-90 is pos:Position [x=192, y=1529, facingNS=1, facingEW=0]
after N-2 is pos:Position [x=192, y=1527, facingNS=1, facingEW=0]
after R-90 is pos:Position [x=192, y=1527, facingNS=0, facingEW=-1]
after S-5 is pos:Position [x=192, y=1532, facingNS=0, facingEW=-1]
after F-95 is pos:Position [x=97, y=1532, facingNS=0, facingEW=-1]
after W-4 is pos:Position [x=93, y=1532, facingNS=0, facingEW=-1]
after L-180 is pos:Position [x=93, y=1532, facingNS=0, facingEW=1]
after E-3 is pos:Position [x=96, y=1532, facingNS=0, facingEW=1]
after F-68 is pos:Position [x=164, y=1532, facingNS=0, facingEW=1]
after S-1 is pos:Position [x=164, y=1533, facingNS=0, facingEW=1]
after F-56 is pos:Position [x=220, y=1533, facingNS=0, facingEW=1]
after R-90 is pos:Position [x=220, y=1533, facingNS=1, facingEW=0]
after W-1 is pos:Position [x=219, y=1533, facingNS=1, facingEW=0]
after L-180 is pos:Position [x=219, y=1533, facingNS=-1, facingEW=0]
after F-66 is pos:Position [x=219, y=1467, facingNS=-1, facingEW=0]
after R-90 is pos:Position [x=219, y=1467, facingNS=0, facingEW=1]
after S-2 is pos:Position [x=219, y=1469, facingNS=0, facingEW=1]
after F-57 is pos:Position [x=276, y=1469, facingNS=0, facingEW=1]
after L-90 is pos:Position [x=276, y=1469, facingNS=-1, facingEW=0]
after E-1 is pos:Position [x=277, y=1469, facingNS=-1, facingEW=0]
after F-42 is pos:Position [x=277, y=1427, facingNS=-1, facingEW=0]
after S-4 is pos:Position [x=277, y=1431, facingNS=-1, facingEW=0]
after F-44 is pos:Position [x=277, y=1387, facingNS=-1, facingEW=0]
after L-90 is pos:Position [x=277, y=1387, facingNS=0, facingEW=-1]
after F-42 is pos:Position [x=235, y=1387, facingNS=0, facingEW=-1]
after E-4 is pos:Position [x=239, y=1387, facingNS=0, facingEW=-1]
after R-90 is pos:Position [x=239, y=1387, facingNS=-1, facingEW=0]
after S-4 is pos:Position [x=239, y=1391, facingNS=-1, facingEW=0]
after W-5 is pos:Position [x=234, y=1391, facingNS=-1, facingEW=0]
after R-90 is pos:Position [x=234, y=1391, facingNS=0, facingEW=1]
after E-4 is pos:Position [x=238, y=1391, facingNS=0, facingEW=1]
after S-4 is pos:Position [x=238, y=1395, facingNS=0, facingEW=1]
after E-5 is pos:Position [x=243, y=1395, facingNS=0, facingEW=1]
after F-27 is pos:Position [x=270, y=1395, facingNS=0, facingEW=1]
after R-90 is pos:Position [x=270, y=1395, facingNS=1, facingEW=0]
after N-1 is pos:Position [x=270, y=1394, facingNS=1, facingEW=0]
after R-90 is pos:Position [x=270, y=1394, facingNS=0, facingEW=-1]
after E-5 is pos:Position [x=275, y=1394, facingNS=0, facingEW=-1]
after R-90 is pos:Position [x=275, y=1394, facingNS=-1, facingEW=0]
after W-4 is pos:Position [x=271, y=1394, facingNS=-1, facingEW=0]
after S-1 is pos:Position [x=271, y=1395, facingNS=-1, facingEW=0]
after F-81 is pos:Position [x=271, y=1314, facingNS=-1, facingEW=0]
after N-5 is pos:Position [x=271, y=1309, facingNS=-1, facingEW=0]
after R-180 is pos:Position [x=271, y=1309, facingNS=1, facingEW=0]
after S-4 is pos:Position [x=271, y=1313, facingNS=1, facingEW=0]
after E-4 is pos:Position [x=275, y=1313, facingNS=1, facingEW=0]
after F-68 is pos:Position [x=275, y=1381, facingNS=1, facingEW=0]
after S-3 is pos:Position [x=275, y=1384, facingNS=1, facingEW=0]
after L-90 is pos:Position [x=275, y=1384, facingNS=0, facingEW=1]
after E-4 is pos:Position [x=279, y=1384, facingNS=0, facingEW=1]
after E-4 is pos:Position [x=283, y=1384, facingNS=0, facingEW=1]
after L-180 is pos:Position [x=283, y=1384, facingNS=0, facingEW=-1]
after E-3 is pos:Position [x=286, y=1384, facingNS=0, facingEW=-1]
after F-8 is pos:Position [x=278, y=1384, facingNS=0, facingEW=-1]
after W-2 is pos:Position [x=276, y=1384, facingNS=0, facingEW=-1]
after L-90 is pos:Position [x=276, y=1384, facingNS=1, facingEW=0]
after S-4 is pos:Position [x=276, y=1388, facingNS=1, facingEW=0]
after L-180 is pos:Position [x=276, y=1388, facingNS=-1, facingEW=0]
after N-2 is pos:Position [x=276, y=1386, facingNS=-1, facingEW=0]
after L-180 is pos:Position [x=276, y=1386, facingNS=1, facingEW=0]
after E-1 is pos:Position [x=277, y=1386, facingNS=1, facingEW=0]
after R-90 is pos:Position [x=277, y=1386, facingNS=0, facingEW=-1]
after W-5 is pos:Position [x=272, y=1386, facingNS=0, facingEW=-1]
after N-4 is pos:Position [x=272, y=1382, facingNS=0, facingEW=-1]
after W-4 is pos:Position [x=268, y=1382, facingNS=0, facingEW=-1]
after R-90 is pos:Position [x=268, y=1382, facingNS=-1, facingEW=0]
after F-1 is pos:Position [x=268, y=1381, facingNS=-1, facingEW=0]
after S-5 is pos:Position [x=268, y=1386, facingNS=-1, facingEW=0]
after E-2 is pos:Position [x=270, y=1386, facingNS=-1, facingEW=0]
after L-90 is pos:Position [x=270, y=1386, facingNS=0, facingEW=-1]
after F-49 is pos:Position [x=221, y=1386, facingNS=0, facingEW=-1]
after N-4 is pos:Position [x=221, y=1382, facingNS=0, facingEW=-1]
after W-3 is pos:Position [x=218, y=1382, facingNS=0, facingEW=-1]
after R-90 is pos:Position [x=218, y=1382, facingNS=-1, facingEW=0]
after E-5 is pos:Position [x=223, y=1382, facingNS=-1, facingEW=0]
after F-33 is pos:Position [x=223, y=1349, facingNS=-1, facingEW=0]
after R-180 is pos:Position [x=223, y=1349, facingNS=1, facingEW=0]
after S-4 is pos:Position [x=223, y=1353, facingNS=1, facingEW=0]
after E-5 is pos:Position [x=228, y=1353, facingNS=1, facingEW=0]
after S-2 is pos:Position [x=228, y=1355, facingNS=1, facingEW=0]
after F-79 is pos:Position [x=228, y=1434, facingNS=1, facingEW=0]
after W-4 is pos:Position [x=224, y=1434, facingNS=1, facingEW=0]
after F-38 is pos:Position [x=224, y=1472, facingNS=1, facingEW=0]
after R-90 is pos:Position [x=224, y=1472, facingNS=0, facingEW=-1]
after F-1 is pos:Position [x=223, y=1472, facingNS=0, facingEW=-1]
after L-90 is pos:Position [x=223, y=1472, facingNS=1, facingEW=0]
after F-56 is pos:Position [x=223, y=1528, facingNS=1, facingEW=0]
after L-270 is pos:Position [x=223, y=1528, facingNS=0, facingEW=-1]
after N-2 is pos:Position [x=223, y=1526, facingNS=0, facingEW=-1]
after L-90 is pos:Position [x=223, y=1526, facingNS=1, facingEW=0]
after E-2 is pos:Position [x=225, y=1526, facingNS=1, facingEW=0]
after L-90 is pos:Position [x=225, y=1526, facingNS=0, facingEW=1]
after F-25 is pos:Position [x=250, y=1526, facingNS=0, facingEW=1]
after W-1 is pos:Position [x=249, y=1526, facingNS=0, facingEW=1]
after S-4 is pos:Position [x=249, y=1530, facingNS=0, facingEW=1]
after L-270 is pos:Position [x=249, y=1530, facingNS=1, facingEW=0]
after W-3 is pos:Position [x=246, y=1530, facingNS=1, facingEW=0]
after R-90 is pos:Position [x=246, y=1530, facingNS=0, facingEW=-1]
after N-2 is pos:Position [x=246, y=1528, facingNS=0, facingEW=-1]
after F-68 is pos:Position [x=178, y=1528, facingNS=0, facingEW=-1]
after E-1 is pos:Position [x=179, y=1528, facingNS=0, facingEW=-1]
after R-180 is pos:Position [x=179, y=1528, facingNS=0, facingEW=1]
after W-3 is pos:Position [x=176, y=1528, facingNS=0, facingEW=1]
after R-90 is pos:Position [x=176, y=1528, facingNS=1, facingEW=0]
after W-3 is pos:Position [x=173, y=1528, facingNS=1, facingEW=0]
after R-90 is pos:Position [x=173, y=1528, facingNS=0, facingEW=-1]
after S-3 is pos:Position [x=173, y=1531, facingNS=0, facingEW=-1]
after F-4 is pos:Position [x=169, y=1531, facingNS=0, facingEW=-1]
after W-3 is pos:Position [x=166, y=1531, facingNS=0, facingEW=-1]
after N-3 is pos:Position [x=166, y=1528, facingNS=0, facingEW=-1]
after R-90 is pos:Position [x=166, y=1528, facingNS=-1, facingEW=0]
after W-3 is pos:Position [x=163, y=1528, facingNS=-1, facingEW=0]
after N-1 is pos:Position [x=163, y=1527, facingNS=-1, facingEW=0]
after F-54 is pos:Position [x=163, y=1473, facingNS=-1, facingEW=0]
after W-2 is pos:Position [x=161, y=1473, facingNS=-1, facingEW=0]
after S-5 is pos:Position [x=161, y=1478, facingNS=-1, facingEW=0]
after E-4 is pos:Position [x=165, y=1478, facingNS=-1, facingEW=0]
after F-76 is pos:Position [x=165, y=1402, facingNS=-1, facingEW=0]
after F-47 is pos:Position [x=165, y=1355, facingNS=-1, facingEW=0]
after N-1 is pos:Position [x=165, y=1354, facingNS=-1, facingEW=0]
after F-32 is pos:Position [x=165, y=1322, facingNS=-1, facingEW=0]
after L-180 is pos:Position [x=165, y=1322, facingNS=1, facingEW=0]
after L-90 is pos:Position [x=165, y=1322, facingNS=0, facingEW=1]
after F-19 is pos:Position [x=184, y=1322, facingNS=0, facingEW=1]
after N-2 is pos:Position [x=184, y=1320, facingNS=0, facingEW=1]
after E-5 is pos:Position [x=189, y=1320, facingNS=0, facingEW=1]
after L-90 is pos:Position [x=189, y=1320, facingNS=-1, facingEW=0]
after E-1 is pos:Position [x=190, y=1320, facingNS=-1, facingEW=0]
after L-90 is pos:Position [x=190, y=1320, facingNS=0, facingEW=-1]
after E-3 is pos:Position [x=193, y=1320, facingNS=0, facingEW=-1]
after R-90 is pos:Position [x=193, y=1320, facingNS=-1, facingEW=0]
after F-48 is pos:Position [x=193, y=1272, facingNS=-1, facingEW=0]
after R-270 is pos:Position [x=193, y=1272, facingNS=0, facingEW=-1]
after S-3 is pos:Position [x=193, y=1275, facingNS=0, facingEW=-1]
after R-180 is pos:Position [x=193, y=1275, facingNS=0, facingEW=1]
after S-4 is pos:Position [x=193, y=1279, facingNS=0, facingEW=1]
after F-53 is pos:Position [x=246, y=1279, facingNS=0, facingEW=1]
after R-90 is pos:Position [x=246, y=1279, facingNS=1, facingEW=0]
after F-90 is pos:Position [x=246, y=1369, facingNS=1, facingEW=0]
after E-4 is pos:Position [x=250, y=1369, facingNS=1, facingEW=0]
after F-100 is pos:Position [x=250, y=1469, facingNS=1, facingEW=0]
after L-90 is pos:Position [x=250, y=1469, facingNS=0, facingEW=1]
after F-49 is pos:Position [x=299, y=1469, facingNS=0, facingEW=1]
after N-1 is pos:Position [x=299, y=1468, facingNS=0, facingEW=1]
after W-1 is pos:Position [x=298, y=1468, facingNS=0, facingEW=1]
after F-56 is pos:Position [x=354, y=1468, facingNS=0, facingEW=1]
after E-2 is pos:Position [x=356, y=1468, facingNS=0, facingEW=1]
after N-5 is pos:Position [x=356, y=1463, facingNS=0, facingEW=1]
after L-90 is pos:Position [x=356, y=1463, facingNS=-1, facingEW=0]
after F-39 is pos:Position [x=356, y=1424, facingNS=-1, facingEW=0]
after R-90 is pos:Position [x=356, y=1424, facingNS=0, facingEW=1]
after W-2 is pos:Position [x=354, y=1424, facingNS=0, facingEW=1]
after F-26 is pos:Position [x=380, y=1424, facingNS=0, facingEW=1]
after E-4 is pos:Position [x=384, y=1424, facingNS=0, facingEW=1]
after N-4 is pos:Position [x=384, y=1420, facingNS=0, facingEW=1]
after L-90 is pos:Position [x=384, y=1420, facingNS=-1, facingEW=0]
after F-9 is pos:Position [x=384, y=1411, facingNS=-1, facingEW=0]
after L-90 is pos:Position [x=384, y=1411, facingNS=0, facingEW=-1]
after F-41 is pos:Position [x=343, y=1411, facingNS=0, facingEW=-1]
after W-5 is pos:Position [x=338, y=1411, facingNS=0, facingEW=-1]
after N-4 is pos:Position [x=338, y=1407, facingNS=0, facingEW=-1]
after S-1 is pos:Position [x=338, y=1408, facingNS=0, facingEW=-1]
after W-4 is pos:Position [x=334, y=1408, facingNS=0, facingEW=-1]
after N-3 is pos:Position [x=334, y=1405, facingNS=0, facingEW=-1]
after R-90 is pos:Position [x=334, y=1405, facingNS=-1, facingEW=0]
after N-5 is pos:Position [x=334, y=1400, facingNS=-1, facingEW=0]
after L-270 is pos:Position [x=334, y=1400, facingNS=0, facingEW=1]
after F-82 is pos:Position [x=416, y=1400, facingNS=0, facingEW=1]
after L-90 is pos:Position [x=416, y=1400, facingNS=-1, facingEW=0]
after F-75 is pos:Position [x=416, y=1325, facingNS=-1, facingEW=0]
after S-5 is pos:Position [x=416, y=1330, facingNS=-1, facingEW=0]
after F-25 is pos:Position [x=416, y=1305, facingNS=-1, facingEW=0]
after S-4 is pos:Position [x=416, y=1309, facingNS=-1, facingEW=0]
after F-67 is pos:Position [x=416, y=1242, facingNS=-1, facingEW=0]
after N-4 is pos:Position [x=416, y=1238, facingNS=-1, facingEW=0]
after F-57 is pos:Position [x=416, y=1181, facingNS=-1, facingEW=0]
after E-4 is pos:Position [x=420, y=1181, facingNS=-1, facingEW=0]
after N-4 is pos:Position [x=420, y=1177, facingNS=-1, facingEW=0]
after F-73 is pos:Position [x=420, y=1104, facingNS=-1, facingEW=0]
after W-5 is pos:Position [x=415, y=1104, facingNS=-1, facingEW=0]
after L-90 is pos:Position [x=415, y=1104, facingNS=0, facingEW=-1]
after E-2 is pos:Position [x=417, y=1104, facingNS=0, facingEW=-1]
after R-180 is pos:Position [x=417, y=1104, facingNS=0, facingEW=1]
after N-5 is pos:Position [x=417, y=1099, facingNS=0, facingEW=1]
after L-270 is pos:Position [x=417, y=1099, facingNS=1, facingEW=0]
after W-3 is pos:Position [x=414, y=1099, facingNS=1, facingEW=0]
after F-95 is pos:Position [x=414, y=1194, facingNS=1, facingEW=0]
after W-2 is pos:Position [x=412, y=1194, facingNS=1, facingEW=0]
after S-4 is pos:Position [x=412, y=1198, facingNS=1, facingEW=0]
after E-1 is pos:Position [x=413, y=1198, facingNS=1, facingEW=0]
after R-180 is pos:Position [x=413, y=1198, facingNS=-1, facingEW=0]
after N-3 is pos:Position [x=413, y=1195, facingNS=-1, facingEW=0]
after W-2 is pos:Position [x=411, y=1195, facingNS=-1, facingEW=0]
after N-1 is pos:Position [x=411, y=1194, facingNS=-1, facingEW=0]
after F-28 is pos:Position [x=411, y=1166, facingNS=-1, facingEW=0]
after N-2 is pos:Position [x=411, y=1164, facingNS=-1, facingEW=0]
after R-90 is pos:Position [x=411, y=1164, facingNS=0, facingEW=1]
after E-3 is pos:Position [x=414, y=1164, facingNS=0, facingEW=1]
after S-1 is pos:Position [x=414, y=1165, facingNS=0, facingEW=1]
after F-41 is pos:Position [x=455, y=1165, facingNS=0, facingEW=1]
after E-4 is pos:Position [x=459, y=1165, facingNS=0, facingEW=1]
after N-1 is pos:Position [x=459, y=1164, facingNS=0, facingEW=1]
after R-90 is pos:Position [x=459, y=1164, facingNS=1, facingEW=0]
after F-12 is pos:Position [x=459, y=1176, facingNS=1, facingEW=0]
after L-90 is pos:Position [x=459, y=1176, facingNS=0, facingEW=1]
after N-2 is pos:Position [x=459, y=1174, facingNS=0, facingEW=1]
after S-2 is pos:Position [x=459, y=1176, facingNS=0, facingEW=1]
after E-3 is pos:Position [x=462, y=1176, facingNS=0, facingEW=1]
after F-31 is pos:Position [x=493, y=1176, facingNS=0, facingEW=1]
after W-1 is pos:Position [x=492, y=1176, facingNS=0, facingEW=1]
after L-90 is pos:Position [x=492, y=1176, facingNS=-1, facingEW=0]
after E-5 is pos:Position [x=497, y=1176, facingNS=-1, facingEW=0]
after S-1 is pos:Position [x=497, y=1177, facingNS=-1, facingEW=0]
after F-12 is pos:Position [x=497, y=1165, facingNS=-1, facingEW=0]
after R-180 is pos:Position [x=497, y=1165, facingNS=1, facingEW=0]
after W-5 is pos:Position [x=492, y=1165, facingNS=1, facingEW=0]
after R-90 is pos:Position [x=492, y=1165, facingNS=0, facingEW=-1]
after F-26 is pos:Position [x=466, y=1165, facingNS=0, facingEW=-1]
manhattan distance:1631
